<?xml version="1.0" encoding="UTF-8"?>
<testng-results skipped="0" failed="0" ignored="0" total="1" passed="1">
  <reporter-output>
  </reporter-output>
  <suite name="Command line suite" duration-ms="36" started-at="2017-06-21T19:06:17Z" finished-at="2017-06-21T19:06:17Z">
    <groups>
    </groups>
    <test name="Command line test" duration-ms="36" started-at="2017-06-21T19:06:17Z" finished-at="2017-06-21T19:06:17Z">
      <class name="com.example.ExampleTest">
        <test-method status="PASS" signature="f()[pri:0, instance:com.example.ExampleTest@4ca8195f]" name="f" duration-ms="10" started-at="2017-06-21T20:06:17Z" finished-at="2017-06-21T20:06:17Z">
          <reporter-output>
          </reporter-output>
        </test-method> <!-- f -->
      </class> <!-- com.example.ExampleTest -->
    </test> <!-- Command line test -->
  </suite> <!-- Command line suite -->
</testng-results>
